<?xml version="1.0" encoding="UTF-8"?>
<testsuite name="test.java.regex.input.RegexStringPreprocessorTest" tests="12" skipped="0" failures="0" errors="0" timestamp="2017-12-17T18:31:41" hostname="joonas-SVE1512T1ESI" time="0.019">
  <properties/>
  <testcase name="classUCharactersAreChangedTest" classname="test.java.regex.input.RegexStringPreprocessorTest" time="0.0"/>
  <testcase name="classWCharactersAreChangedTest" classname="test.java.regex.input.RegexStringPreprocessorTest" time="0.0"/>
  <testcase name="wildCardCharactersAreChangedTest" classname="test.java.regex.input.RegexStringPreprocessorTest" time="0.001"/>
  <testcase name="transformingPlusToStarTest1" classname="test.java.regex.input.RegexStringPreprocessorTest" time="0.0"/>
  <testcase name="transformingPlusToStarTest2" classname="test.java.regex.input.RegexStringPreprocessorTest" time="0.003"/>
  <testcase name="transformingPlusToStarTest3" classname="test.java.regex.input.RegexStringPreprocessorTest" time="0.0"/>
  <testcase name="transformingPlusToStarTest4" classname="test.java.regex.input.RegexStringPreprocessorTest" time="0.002"/>
  <testcase name="transformingPlusToStarTest5" classname="test.java.regex.input.RegexStringPreprocessorTest" time="0.0"/>
  <testcase name="classDCharactersAreChangedTest" classname="test.java.regex.input.RegexStringPreprocessorTest" time="0.0"/>
  <testcase name="classLCharactersAreChangedTest" classname="test.java.regex.input.RegexStringPreprocessorTest" time="0.0"/>
  <testcase name="simpleRegexIsNotChangedTest" classname="test.java.regex.input.RegexStringPreprocessorTest" time="0.002"/>
  <testcase name="classACharactersAreChangedTest" classname="test.java.regex.input.RegexStringPreprocessorTest" time="0.003"/>
  <system-out><![CDATA[]]></system-out>
  <system-err><![CDATA[]]></system-err>
</testsuite>
