<?xml version="1.0" encoding="UTF-8"?>
<testsuite name="test.java.regex.nfa.NFAConstructorTest" tests="6" skipped="0" failures="0" errors="0" timestamp="2017-12-17T18:31:41" hostname="joonas-SVE1512T1ESI" time="0.014">
  <properties/>
  <testcase name="correctLastStateType" classname="test.java.regex.nfa.NFAConstructorTest" time="0.001"/>
  <testcase name="correctMidStateSymbol" classname="test.java.regex.nfa.NFAConstructorTest" time="0.002"/>
  <testcase name="correctLastStateSymbol" classname="test.java.regex.nfa.NFAConstructorTest" time="0.001"/>
  <testcase name="correctFirstStateType" classname="test.java.regex.nfa.NFAConstructorTest" time="0.002"/>
  <testcase name="correctMidStateType" classname="test.java.regex.nfa.NFAConstructorTest" time="0.001"/>
  <testcase name="correctFirstStateSymbol" classname="test.java.regex.nfa.NFAConstructorTest" time="0.001"/>
  <system-out><![CDATA[]]></system-out>
  <system-err><![CDATA[]]></system-err>
</testsuite>
